<?xml version="1.0" encoding="UTF-8"?>
<testsuite xmlns:xsi="http://www.w3.org/2001/XMLSchema-instance" xsi:noNamespaceSchemaLocation="https://maven.apache.org/surefire/maven-surefire-plugin/xsd/surefire-test-report-3.0.xsd" version="3.0" name="com.automation.runners.TestRunner" time="47.477" tests="1" errors="0" skipped="0" failures="0">
  <properties>
[...]
</properties>
  <testcase name="Verify home page loads successfully" classname="Automation Exercise Website" time="46.69">
    <system-out><![CDATA[
Scenario: Verify home page loads successfully              &amp#27;[90m# features/sample.feature:3&amp#27;[0m
  &amp#27;[32mGiven &amp#27;[0m&amp#27;[32mI am on the home page&amp#27;[0m                              &amp#27;[90m# com.automation.stepdefs.HomeStepDefs.iAmOnTheHomePage()&amp#27;[0m
  &amp#27;[32mThen &amp#27;[0m&amp#27;[32mthe page title should contain &amp#27;[0m&amp#27;[32m&amp#27;[1m"Automation Exercise"&amp#27;[0m &amp#27;[90m# com.automation.stepdefs.HomeStepDefs.thePageTitleShouldContain(java.lang.String)&amp#27;[0m
]]></system-out>
  </testcase>
</testsuite>